<?xml version="1.0" encoding="UTF-8"?>
<testng-results skipped="0" failed="0" ignored="0" total="2" passed="2">
  <reporter-output>
  </reporter-output>
  <suite name="Default suite" duration-ms="4816" started-at="2020-07-17T19:21:41Z" finished-at="2020-07-17T19:21:46Z">
    <groups>
    </groups>
    <test name="Default test" duration-ms="4816" started-at="2020-07-17T19:21:41Z" finished-at="2020-07-17T19:21:46Z">
      <class name="FlipkartTest.LoginActionTest">
        <test-method status="PASS" signature="propertiesDeclare()[pri:0, instance:FlipkartTest.LoginActionTest@11d8ae8b]" name="propertiesDeclare" is-config="true" duration-ms="24" started-at="2020-07-17T19:21:41Z" finished-at="2020-07-17T19:21:41Z">
          <reporter-output>
          </reporter-output>
        </test-method> <!-- propertiesDeclare -->
        <test-method status="PASS" signature="VerifyDealsOftheDay()[pri:0, instance:FlipkartTest.LoginActionTest@11d8ae8b]" name="VerifyDealsOftheDay" duration-ms="528" started-at="2020-07-17T19:21:41Z" finished-at="2020-07-17T19:21:42Z">
          <reporter-output>
          </reporter-output>
        </test-method> <!-- VerifyDealsOftheDay -->
        <test-method status="PASS" signature="loginAndSelectiWatch()[pri:0, instance:FlipkartTest.LoginActionTest@11d8ae8b]" name="loginAndSelectiWatch" duration-ms="4207" started-at="2020-07-17T19:21:42Z" finished-at="2020-07-17T19:21:46Z">
          <reporter-output>
          </reporter-output>
        </test-method> <!-- loginAndSelectiWatch -->
      </class> <!-- FlipkartTest.LoginActionTest -->
    </test> <!-- Default test -->
  </suite> <!-- Default suite -->
</testng-results>
